<?xml version="1.0" encoding="UTF-8"?>
<testng-results skipped="0" failed="0" total="0" passed="0">
  <reporter-output>
  </reporter-output>
  <suite name="testRunner.TestRunner" duration-ms="6" started-at="2019-07-25T07:48:06Z" finished-at="2019-07-25T07:48:06Z">
    <groups>
    </groups>
    <test name="Command line test" duration-ms="6" started-at="2019-07-25T07:48:06Z" finished-at="2019-07-25T07:48:06Z">
    </test> <!-- Command line test -->
  </suite> <!-- testRunner.TestRunner -->
</testng-results>
